$ next build && cp -r .next/static .next/standalone/.next/ && cp -r public .next/standalone/
▲ Next.js 16.1.3 (Turbopack)
- Environments: .env

  Creating an optimized production build ...
✓ Compiled successfully in 7.6s
  Skipping validation of types
  Collecting page data using 3 workers ...
  Generating static pages using 3 workers (0/14) ...
  Generating static pages using 3 workers (3/14) 
  Generating static pages using 3 workers (6/14) 
  Generating static pages using 3 workers (10/14) 
✓ Generating static pages using 3 workers (14/14) in 164.1ms
  Finalizing page optimization ...

Route (app)
┌ ○ /
├ ○ /_not-found
├ ƒ /api
├ ƒ /api/admin/hq
├ ƒ /api/admin/hq/[id]
├ ƒ /api/admin/hq/[id]/logo
├ ƒ /api/admin/hq/[id]/subscription
├ ƒ /api/admin/login
├ ƒ /api/admin/subscriptions/plans
├ ƒ /api/hq/by-code/[code]
├ ƒ /api/hq/patrols
├ ƒ /api/hq/sos
├ ƒ /api/patrol/location
├ ƒ /api/patrol/location/sync
├ ƒ /api/patrol/register
├ ƒ /api/patrol/sos
└ ƒ /api/patrol/start


○  (Static)   prerendered as static content
ƒ  (Dynamic)  server-rendered on demand

